
> tycoon@ build /Users/rpm/github/zkTycoon
> next build

info  - Linting and checking validity of types...
info  - Creating an optimized production build...
info  - Compiled successfully
info  - Collecting page data...
info  - Generating static pages (0/5)
info  - Generating static pages (1/5)
info  - Generating static pages (2/5)
info  - Generating static pages (3/5)
info  - Generating static pages (5/5)
info  - Finalizing page optimization...

Route (pages)                              Size     First Load JS
┌ ○ /                                      2.13 kB        88.4 kB
├   /_app                                  0 B            80.9 kB
├ ○ /404                                   182 B          81.1 kB
├ ℇ /api/auth                              0 B            80.9 kB
├ ℇ /api/expire                            0 B            80.9 kB
├ ℇ /api/protected                         0 B            80.9 kB
├ ○ /login                                 2.13 kB        88.4 kB
└ ○ /protected                             1.46 kB        82.3 kB
+ First Load JS shared by all              84.3 kB
  ├ chunks/framework-ac88a2a245aea9ab.js   45.2 kB
  ├ chunks/main-c291d2195edcd02a.js        26.9 kB
  ├ chunks/pages/_app-1f0b0e35c624a3c5.js  7.88 kB
  ├ chunks/webpack-ee7e63bc15b31913.js     815 B
  └ css/57502886ab66d3e3.css               3.43 kB

ƒ Middleware                               46.6 kB

ℇ  (Streaming)  server-side renders with streaming (uses React 18 SSR streaming or Server Components)
○  (Static)     automatically rendered as static HTML (uses no initial props)

